<?xml version="1.0" encoding="UTF-8"?>
<testsuite name="com.example.commerce.service.MemberServiceTest" tests="1" skipped="0" failures="0" errors="0" timestamp="2021-02-08T19:45:20" hostname="MATHWCMOT012777" time="0.104">
  <properties/>
  <testcase name="joinException()" classname="com.example.commerce.service.MemberServiceTest" time="0.104"/>
  <system-out><![CDATA[]]></system-out>
  <system-err><![CDATA[]]></system-err>
</testsuite>
